0 silly argv {
0 silly argv   _: [ 'bootstrap' ],
0 silly argv   lernaVersion: '4.0.0',
0 silly argv   '$0': '/usr/local/lib/node_modules/pnpm-global/5/node_modules/lerna/cli.js'
0 silly argv }
1 notice cli v4.0.0
2 verbose rootPath /Users/marktang/MarkTangProject/open-source/dapp-cli
3 error JSONError: Unexpected token "}" (0x7D) in JSON at position 651 while parsing near ".../../utils/utils\",\n  },\n  \"bugs\": {\n    \"..." in models/package/package.json
3 error
3 error [0m [90m 26 |[39m   [32m"dependencies"[39m[33m:[39m {[0m
3 error [0m [90m 27 |[39m     [32m"@dapp-cli/utils"[39m[33m:[39m [32m"file:../../utils/utils"[39m[33m,[39m[0m
3 error [0m[31m[1m>[22m[39m[90m 28 |[39m   }[33m,[39m[0m
3 error [0m [90m    |[39m   [31m[1m^[22m[39m[0m
3 error [0m [90m 29 |[39m   [32m"bugs"[39m[33m:[39m {[0m
3 error [0m [90m 30 |[39m     [32m"url"[39m[33m:[39m [32m"https://github.com/MarkTangCd/dapp-cli/issues"[39m[0m
3 error [0m [90m 31 |[39m   }[0m
3 error
3 error     at parseJson (/usr/local/lib/node_modules/pnpm-global/5/node_modules/.pnpm/parse-json@5.2.0/node_modules/parse-json/index.js:29:21)
3 error     at parse (/usr/local/lib/node_modules/pnpm-global/5/node_modules/.pnpm/load-json-file@6.2.0/node_modules/load-json-file/index.js:15:9)
3 error     at module.exports (/usr/local/lib/node_modules/pnpm-global/5/node_modules/.pnpm/load-json-file@6.2.0/node_modules/load-json-file/index.js:18:47)
